<?xml version="1.0" encoding="UTF-8"?>
<Site BuildName="Linux-x86_64-linux-gnu-g++-9"
	BuildStamp="20210424-1205-Experimental"
	Name="kali"
	Generator="ctest-3.18.4"
	CompilerName="/usr/bin/x86_64-linux-gnu-g++-9"
	CompilerVersion="9.3.0"
	OSName="Linux"
	Hostname="kali"
	OSRelease="5.8.0-kali3-amd64"
	OSVersion="#1 SMP Debian 5.8.14-1kali1 (2020-10-13)"
	OSPlatform="x86_64"
	Is64Bits="1"
	VendorString="GenuineIntel"
	VendorID="Intel Corporation"
	FamilyID="6"
	ModelID="92"
	ProcessorCacheSize="1024"
	NumberOfLogicalCPU="4"
	NumberOfPhysicalCPU="4"
	TotalVirtualMemory="0"
	TotalPhysicalMemory="3762"
	LogicalProcessorsPerPhysical="1"
	ProcessorClockFrequency="1984.63"
	>
	<Testing>
		<StartDateTime>Apr 24 15:05 EEST</StartDateTime>
		<StartTestTime>1619265924</StartTestTime>
		<TestList/>
		<EndDateTime>Apr 24 15:05 EEST</EndDateTime>
		<EndTestTime>1619265924</EndTestTime>
		<ElapsedMinutes>0</ElapsedMinutes>
	</Testing>
</Site>
